<?xml version="1.0" encoding="utf-8"?><testsuites name="pytest tests"><testsuite name="pytest" errors="0" failures="0" skipped="0" tests="239" time="73.875" timestamp="2025-09-12T23:55:15.187412+00:00" hostname="runnervmf4ws1"><testcase classname="tests.test_dcg_n_main" name="test_dcg" time="0.028" /><testcase classname="tests.test_dcg_n_main" name="test_main_add_commands" time="0.004" /><testcase classname="tests.test_dcg_n_main" name="test_optional_import" time="0.077" /><testcase classname="tests.test_dcg_n_main" name="test_lazy_import" time="0.521" /><testcase classname="tests.test_engine" name="test_render_prompt[chatml-llm_step0-[{&quot;role&quot;: &quot;system&quot;, &quot;content&quot;: &quot;User name is Example Name.&quot;},{&quot;role&quot;: &quot;user&quot;, &quot;content&quot;: &quot;Hello, System Assistant&quot;}]]" time="0.011" /><testcase classname="tests.test_engine" name="test_render_prompt[chatml-llm_step1-[{&quot;role&quot;: &quot;system&quot;, &quot;content&quot;: &quot;User name is Example Name.&quot;},{&quot;role&quot;: &quot;user&quot;, &quot;content&quot;: &quot;Hello, System Assistant&quot;}]]" time="0.008" /><testcase classname="tests.test_engine" name="test_render_prompt[chatml-llm_step2-[{&quot;role&quot;: &quot;user&quot;, &quot;content&quot;: &quot;Hello, System Assistant&quot;}]]" time="0.007" /><testcase classname="tests.test_engine" name="test_render_prompt[flat-llm_step3-### User:\nHello, System Assistant\n\n### Assistant:]" time="0.007" /><testcase classname="tests.test_engine" name="test_render_prompt[flat-llm_step4-### System:\nUser name is Example Name.\n\n### User:\nHello, System Assistant\n\n### Assistant:]" time="0.007" /><testcase classname="tests.test_engine" name="test_render_prompt[flat-llm_step5-### User:\nHello, System Assistant\n\n### Assistant:]" time="0.007" /><testcase classname="tests.test_engine" name="test_render_prompt[plain-llm_step6-Hello, System Assistant]" time="0.007" /><testcase classname="tests.test_engine" name="test_render_prompt[mistral-instruct-llm_step7-&lt;s&gt;[INST]\nUser name is Example Name.\n\nHello, System Assistant\n[/INST]]" time="0.007" /><testcase classname="tests.test_engine" name="test_render_prompt[mistral-instruct-llm_step8-&lt;s&gt;[INST]\nHello, System Assistant\n[/INST]]" time="0.007" /><testcase classname="tests.test_engine" name="test_render_prompt[anthropic-llm_step9-Human: User name is Example Name.\n\nHello, System Assistant\n\nAssistant:]" time="0.007" /><testcase classname="tests.test_engine" name="test_render_prompt[anthropic-llm_step10-Human: Hello, System Assistant\n\nAssistant:]" time="0.007" /><testcase classname="tests.test_engine" name="test_render_prompt_exception[chatml-prompt0]" time="0.005" /><testcase classname="tests.test_engine" name="test_render_prompt_exception[flat-prompt1]" time="0.005" /><testcase classname="tests.test_engine" name="test_render_prompt_exception[plain-prompt2]" time="0.005" /><testcase classname="tests.test_engine" name="test_render_prompt_exception[mistral-instruct-prompt3]" time="0.005" /><testcase classname="tests.test_engine" name="test_render_prompt_exception[anthropic-prompt4]" time="0.005" /><testcase classname="tests.test_engine" name="test_render_template[Hello {{ assistant }}-Hello System Assistant]" time="0.001" /><testcase classname="tests.test_engine" name="test_render_template[Hello {{ assistant|upper }}-Hello SYSTEM ASSISTANT]" time="0.002" /><testcase classname="tests.test_engine" name="test_render_template[Hello {{ assistant }}   -Hello System Assistant]" time="0.001" /><testcase classname="tests.test_engine" name="test_render_template[-]" time="0.001" /><testcase classname="tests.test_engine" name="test_render_template[None-]" time="0.001" /><testcase classname="tests.test_engine" name="test_render_template_prompt_basic" time="0.008" /><testcase classname="tests.test_engine" name="test_expand_vars[nested_vars_should_not_work]" time="0.009" /><testcase classname="tests.test_engine" name="test_expand_vars[skip_non_str_var]" time="0.004" /><testcase classname="tests.test_engine" name="test_expand_vars[correct]" time="0.005" /><testcase classname="tests.test_engine" name="test_expand_vars[correct_with_spaces]" time="0.005" /><testcase classname="tests.test_engine" name="test_expand_vars[correct_with_env]" time="0.005" /><testcase classname="tests.test_engine" name="test_get_jinja_env[when_conditional]" time="0.013" /><testcase classname="tests.test_engine" name="test_get_jinja_env[builtin_vars_conditional]" time="0.014" /><testcase classname="tests.test_engine" name="test_get_jinja_env[builtin_vars]" time="0.014" /><testcase classname="tests.test_engine" name="test_get_jinja_env[not_existing_jinja_filter]" time="0.013" /><testcase classname="tests.test_engine" name="test_get_jinja_env[import_outside_of_cwd]" time="0.013" /><testcase classname="tests.test_engine" name="test_get_jinja_env[not_existing_var]" time="0.013" /><testcase classname="tests.test_engine" name="test_get_jinja_env[include_file_file_not_found]" time="0.014" /><testcase classname="tests.test_engine" name="test_get_jinja_env[include_file_with_line_numbers_file_not_found]" time="0.013" /><testcase classname="tests.test_engine" name="test_should_run_step[true_1==1]" time="0.001" /><testcase classname="tests.test_engine" name="test_should_run_step[true_1]" time="0.001" /><testcase classname="tests.test_engine" name="test_should_run_step[true]" time="0.001" /><testcase classname="tests.test_engine" name="test_should_run_step[True]" time="0.001" /><testcase classname="tests.test_engine" name="test_should_run_step[false]" time="0.001" /><testcase classname="tests.test_engine" name="test_should_run_step[False]" time="0.001" /><testcase classname="tests.test_engine" name="test_should_run_step[0]" time="0.001" /><testcase classname="tests.test_engine" name="test_should_run_step[false_1!=1]" time="0.001" /><testcase classname="tests.test_engine" name="test_should_run_step[false_p1!=p2]" time="0.001" /><testcase classname="tests.test_engine" name="test_should_run_step[true_p1==p2]" time="0.001" /><testcase classname="tests.test_engine" name="test_should_run_step[true_p1==p2_curly]" time="0.001" /><testcase classname="tests.test_engine" name="test_should_run_step[false_p1!=p2_curly]" time="0.001" /><testcase classname="tests.test_engine" name="test_should_run_step[true_p1==p2_curly_w_spaces]" time="0.001" /><testcase classname="tests.test_engine" name="test_should_run_step[true_p1!=p2_curly_w_spaces]" time="0.001" /><testcase classname="tests.test_engine" name="test_should_run_step[not_defined_variable]" time="0.001" /><testcase classname="tests.test_engine" name="test_validate_step_output[empty]" time="0.018" /><testcase classname="tests.test_engine" name="test_validate_step_output[empty_stepvalidation]" time="0.018" /><testcase classname="tests.test_engine" name="test_validate_step_output[match]" time="0.024" /><testcase classname="tests.test_engine" name="test_validate_step_output[not_match_startfrom]" time="0.019" /><testcase classname="tests.test_engine" name="test_validate_step_output[match_startfrom]" time="0.019" /><testcase classname="tests.test_engine" name="test_run_command_step[python_step_file_not_found]" time="0.001" /><testcase classname="tests.test_engine" name="test_run_command_step[python_step_file_not_found_isolated_venv]" time="0.001" /><testcase classname="tests.test_engine" name="test_run_command_step[command_step]" time="0.003" /><testcase classname="tests.test_engine" name="test_run_command_step[command_step_exitcode1]" time="0.002" /><testcase classname="tests.test_engine" name="test_run_command_step[command_step_cmd_not_exist]" time="0.003" /><testcase classname="tests.test_engine" name="test_render_prompt_fields" time="0.002" /><testcase classname="tests.test_engine" name="test_get_variable_type" time="0.001" /><testcase classname="tests.test_engine" name="test_create_dynamic_command" time="0.005" /><testcase classname="tests.test_init" name="test_init_cmd[init_global]" time="3.365" /><testcase classname="tests.test_init" name="test_init_cmd[init]" time="3.162" /><testcase classname="tests.test_init" name="test_init_cmd[double_init_global_exist]" time="3.175" /><testcase classname="tests.test_init" name="test_init_cmd[double_init_local_exist]" time="3.162" /><testcase classname="tests.test_init" name="test_init_cmd[double_init_global_force]" time="6.326" /><testcase classname="tests.test_init" name="test_init_cmd[double_init_local_force]" time="6.386" /><testcase classname="tests.test_init" name="test_completion_cmd" time="0.003" /><testcase classname="tests.test_listing" name="test_list_tags[local]" time="0.019" /><testcase classname="tests.test_listing" name="test_list_tags[global]" time="0.019" /><testcase classname="tests.test_listing" name="test_list_tags[tags]" time="0.024" /><testcase classname="tests.test_listing" name="test_list_tags[no_templates]" time="0.013" /><testcase classname="tests.test_listing" name="test_list_tags[l_g_params]" time="0.013" /><testcase classname="tests.test_listing" name="test_list_templates[local_json_only]" time="0.020" /><testcase classname="tests.test_listing" name="test_list_templates[local]" time="0.020" /><testcase classname="tests.test_listing" name="test_list_templates[global]" time="0.025" /><testcase classname="tests.test_listing" name="test_list_templates[remote_and_l_fail]" time="0.014" /><testcase classname="tests.test_listing" name="test_list_templates[remote_and_g_fail]" time="0.014" /><testcase classname="tests.test_listing" name="test_list_templates[l_and_g_fail]" time="0.014" /><testcase classname="tests.test_listing" name="test_list_templates[no_templates]" time="0.013" /><testcase classname="tests.test_listing" name="test_list_templates[no_templates_with_tag]" time="0.013" /><testcase classname="tests.test_listing" name="test_list_templates[remote_list]" time="0.111" /><testcase classname="tests.test_listing" name="test_list_templates[remote_list_tag_no_result]" time="0.081" /><testcase classname="tests.test_listing" name="test_list_templates[remote_list_tag]" time="0.102" /><testcase classname="tests.test_listing" name="test_list_templates[remote_list_json]" time="0.094" /><testcase classname="tests.test_loaders" name="test_load_templates[no_templates]" time="0.012" /><testcase classname="tests.test_loaders" name="test_load_templates[local_template]" time="0.013" /><testcase classname="tests.test_loaders" name="test_load_templates[global_template_with_only_global]" time="0.013" /><testcase classname="tests.test_loaders" name="test_load_templates[global_template_with_only_local]" time="0.013" /><testcase classname="tests.test_loaders" name="test_get_loaded_templates[no_templates]" time="0.004" /><testcase classname="tests.test_loaders" name="test_get_loaded_templates[5_templates]" time="0.008" /><testcase classname="tests.test_loaders" name="test_get_loaded_templates[50_templates]" time="0.047" /><testcase classname="tests.test_loaders" name="test_get_loaded_templates[3_templates0]" time="0.006" /><testcase classname="tests.test_loaders" name="test_get_loaded_templates[3_templates1]" time="0.006" /><testcase classname="tests.test_loaders" name="test_get_loaded_templates[20_templates_5_with_tag]" time="0.020" /><testcase classname="tests.test_loaders" name="test_get_loaded_templates[20_templates_10_with_tag]" time="0.021" /><testcase classname="tests.test_loaders" name="test_get_loaded_templates_from_memory" time="0.002" /><testcase classname="tests.test_loaders" name="test_get_loaded_template[local_template]" time="0.002" /><testcase classname="tests.test_loaders" name="test_get_loaded_template[global_template]" time="0.002" /><testcase classname="tests.test_loaders" name="test_get_loaded_template_non_existing" time="0.003" /><testcase classname="tests.test_loaders" name="test_get_loaded_config[local_config]" time="0.004" /><testcase classname="tests.test_loaders" name="test_get_loaded_config[global_config]" time="0.004" /><testcase classname="tests.test_loaders" name="test_get_loaded_config[merged_config]" time="0.004" /><testcase classname="tests.test_loaders" name="test_load_yaml_no_file" time="0.001" /><testcase classname="tests.test_loaders" name="test_load_config_model_no_file" time="0.001" /><testcase classname="tests.test_loaders" name="test_load_config_model_wrong_schema" time="0.001" /><testcase classname="tests.test_loaders" name="test_load_config_model_failed_to_load" time="0.002" /><testcase classname="tests.test_loaders" name="test_find_template_files" time="0.002" /><testcase classname="tests.test_loaders" name="test_find_template_files_no_templates" time="0.012" /><testcase classname="tests.test_loaders" name="test_find_template_files_no_templates_folder" time="0.001" /><testcase classname="tests.test_loaders" name="test_config_model_load" time="0.006" /><testcase classname="tests.test_loaders" name="test_invalid_template_validation" time="0.003" /><testcase classname="tests.test_models" name="test_model_template_repo_manifest" time="0.001" /><testcase classname="tests.test_models" name="test_model_template[duplicate_step_name]" time="0.001" /><testcase classname="tests.test_models" name="test_model_template[invalid_step_type]" time="0.001" /><testcase classname="tests.test_models" name="test_model_template[invalid_variable_name]" time="0.001" /><testcase classname="tests.test_models" name="test_model_template[invalid_variable_as_cli_option]" time="0.001" /><testcase classname="tests.test_models" name="test_model_template[invalid_variable_cli_option]" time="0.001" /><testcase classname="tests.test_models" name="test_model_template[reserved_name_in_cli_option_from_var]" time="0.001" /><testcase classname="tests.test_models" name="test_model_template[reserved_name_in_cli_option]" time="0.001" /><testcase classname="tests.test_models" name="test_model_template[var_list_type_wrong_default_type]" time="0.001" /><testcase classname="tests.test_models" name="test_model_template[var_list_type_wrong_default_type_2]" time="0.001" /><testcase classname="tests.test_models" name="test_model_template[var_list_type_default_type]" time="0.001" /><testcase classname="tests.test_models" name="test_model_template[var_list_type_default_type_path]" time="0.001" /><testcase classname="tests.test_models" name="test_model_template[var_list_type_default_type_bool]" time="0.001" /><testcase classname="tests.test_models" name="test_model_template[var_types]" time="0.001" /><testcase classname="tests.test_models" name="test_model_template_save[failed_to_save]" time="0.012" /><testcase classname="tests.test_models" name="test_model_template_save[saved_local]" time="0.013" /><testcase classname="tests.test_models" name="test_model_template_save[saved_global]" time="0.013" /><testcase classname="tests.test_models" name="test_model_template_save[saved_local_from_source]" time="0.013" /><testcase classname="tests.test_models" name="test_model_template_save[saved_global_from_source]" time="0.013" /><testcase classname="tests.test_models" name="test_model_config[wrong_param]" time="0.015" /><testcase classname="tests.test_models" name="test_model_config[save_local]" time="0.018" /><testcase classname="tests.test_models" name="test_model_config[save_global]" time="0.018" /><testcase classname="tests.test_providers" name="test_stdin_consumer[stdin_consumer]" time="0.002" /><testcase classname="tests.test_providers" name="test_stdin_consumer[stdin_consumer_wrong_prompts0]" time="0.001" /><testcase classname="tests.test_providers" name="test_stdin_consumer[stdin_consumer_wrong_prompts1]" time="0.001" /><testcase classname="tests.test_run_template" name="test_run_template[valid_one_llm_step]" time="0.012" /><testcase classname="tests.test_run_template" name="test_run_template[valid_llm_step_and_python_cmd_and_render]" time="0.027" /><testcase classname="tests.test_run_template" name="test_run_template[no_template_folder_set]" time="0.004" /><testcase classname="tests.test_run_template" name="test_run_template[no_python_script_found]" time="0.004" /><testcase classname="tests.test_run_template" name="test_run_template[non_python_script_found]" time="0.004" /><testcase classname="tests.test_run_template" name="test_run_template[cmd_exec_error]" time="0.008" /><testcase classname="tests.test_run_template" name="test_run_template[no_cmd_found]" time="0.006" /><testcase classname="tests.test_run_template" name="test_run_template[no_python_isolated_venv_found]" time="0.004" /><testcase classname="tests.test_run_template" name="test_run_template[valid_one_llm_step_w_vars]" time="0.012" /><testcase classname="tests.test_run_template" name="test_run_template[no_steps]" time="0.003" /><testcase classname="tests.test_run_template" name="test_run_template[run_python_and_validate_error]" time="0.018" /><testcase classname="tests.test_run_template" name="test_run_template[run_cmd_and_validate_error_and_exitcode0]" time="0.017" /><testcase classname="tests.test_run_template" name="test_run_template[run_cmd_and_validate_error_and_exitcode_str]" time="0.018" /><testcase classname="tests.test_run_template" name="test_run_template[run_cmd_and_validate_error_and_fail_exitcode]" time="0.006" /><testcase classname="tests.test_run_template" name="test_run_template[run_cmd_and_validate_fail_exitcode_format]" time="0.008" /><testcase classname="tests.test_run_template" name="test_run_template[run_cmd_and_validate_error_and_exitcode1]" time="0.018" /><testcase classname="tests.test_run_template" name="test_run_template[run_cmd_and_validate_warn]" time="0.018" /><testcase classname="tests.test_run_template" name="test_run_template[run_cmd_and_validate_skip]" time="0.018" /><testcase classname="tests.test_run_template" name="test_run_template[run_cmd_and_validate_continue]" time="0.018" /><testcase classname="tests.test_run_template" name="test_run_template[run_cmd_and_validate_passed]" time="0.018" /><testcase classname="tests.test_run_template" name="test_run_template[run_cmd_and_strip_prefix]" time="0.018" /><testcase classname="tests.test_run_template" name="test_run_template[run_cmd_and_strip_output]" time="0.018" /><testcase classname="tests.test_run_template" name="test_run_template[run_cmd_and_output_regex_group1]" time="0.018" /><testcase classname="tests.test_run_template" name="test_run_template[run_cmd_and_output_regex_group0]" time="0.018" /><testcase classname="tests.test_run_template" name="test_run_template[run_cmd_and_output_extract_vars]" time="0.021" /><testcase classname="tests.test_run_template" name="test_run_template[run_cmd_and_slice]" time="0.017" /><testcase classname="tests.test_run_template" name="test_run_template[run_cmd_and_slice_start]" time="0.018" /><testcase classname="tests.test_run_template" name="test_run_template[run_cmd_and_slice_end]" time="0.018" /><testcase classname="tests.test_run_template" name="test_run_template[run_cmd_and_slice_end_verbose]" time="0.019" /><testcase classname="tests.test_run_template" name="test_run_template[run_cmd_and_sanitize_output]" time="0.017" /><testcase classname="tests.test_run_template" name="test_run_template[run_cmd_and_sanitize_output_verbose]" time="0.018" /><testcase classname="tests.test_run_template" name="test_run_template[run_cmd_and_save_output]" time="0.016" /><testcase classname="tests.test_run_template" name="test_run_template_cli[run_local_template_id]" time="0.052" /><testcase classname="tests.test_run_template" name="test_run_template_cli[run_local_template_id_verbose]" time="0.052" /><testcase classname="tests.test_run_template" name="test_run_template_cli[run_global_template_id_verbose]" time="0.050" /><testcase classname="tests.test_run_template" name="test_run_template_cli[run_local_template_id_final]" time="0.045" /><testcase classname="tests.test_run_template" name="test_run_template_cli[run_local_template_id_quiet]" time="0.044" /><testcase classname="tests.test_run_template" name="test_run_template_shared_venv" time="0.036" /><testcase classname="tests.test_run_template" name="test_run_template_isolated_venv" time="3.197" /><testcase classname="tests.test_run_template" name="test_run_template_shell_call" time="0.015" /><testcase classname="tests.test_run_template" name="test_invalid_template_missing_required_variable" time="0.004" /><testcase classname="tests.test_run_template" name="test_config_providers_list[params0]" time="0.007" /><testcase classname="tests.test_run_template" name="test_config_providers_list[params1]" time="0.006" /><testcase classname="tests.test_run_template" name="test_config_providers_list[params2]" time="0.007" /><testcase classname="tests.test_run_template" name="test_config_providers_list[params3]" time="0.007" /><testcase classname="tests.test_run_template" name="test_config_providers_list[None]" time="0.006" /><testcase classname="tests.test_run_template" name="test_show_config[-l]" time="0.010" /><testcase classname="tests.test_run_template" name="test_show_config[-g]" time="0.010" /><testcase classname="tests.test_run_template" name="test_show_config[None]" time="0.010" /><testcase classname="tests.test_run_template" name="test_edit_config[-l]" time="0.006" /><testcase classname="tests.test_run_template" name="test_edit_config[-g]" time="0.006" /><testcase classname="tests.test_run_template" name="test_edit_config[None]" time="0.006" /><testcase classname="tests.test_template" name="test_venv_install[install_local_venv_no_params]" time="0.021" /><testcase classname="tests.test_template" name="test_venv_install[install_local_venv_when_no_venv_in_template]" time="0.034" /><testcase classname="tests.test_template" name="test_venv_install[install_global_venv_when_no_venv_in_template]" time="0.033" /><testcase classname="tests.test_template" name="test_venv_install[install_local_isolated_venv]" time="4.837" /><testcase classname="tests.test_template" name="test_venv_install[install_global_isolated_venv]" time="4.820" /><testcase classname="tests.test_template" name="test_venv_install[install_local_shared_venv]" time="4.815" /><testcase classname="tests.test_template" name="test_venv_install[install_global_shared_venv]" time="4.825" /><testcase classname="tests.test_template" name="test_venv_install[install_local_isolated_venv_again_and_force]" time="6.356" /><testcase classname="tests.test_template" name="test_venv_install[install_global_isolated_venv_again_and_force]" time="6.370" /><testcase classname="tests.test_template" name="test_venv_install[install_local_shared_venv_again_and_force]" time="3.191" /><testcase classname="tests.test_template" name="test_venv_install[install_global_shared_venv_again_and_force]" time="3.198" /><testcase classname="tests.test_template" name="test_show_template[show_no_tempate_id]" time="0.021" /><testcase classname="tests.test_template" name="test_show_template[show_template_id]" time="0.039" /><testcase classname="tests.test_template" name="test_show_template[show_template_id_local_with_g]" time="0.026" /><testcase classname="tests.test_template" name="test_show_template[show_template_id_global]" time="0.064" /><testcase classname="tests.test_template" name="test_create_template[create_template_no_template_id]" time="0.013" /><testcase classname="tests.test_template" name="test_create_template[create_template_local]" time="0.023" /><testcase classname="tests.test_template" name="test_create_template[create_template_global]" time="0.023" /><testcase classname="tests.test_template_install" name="test_template_install_from_folder[template_install_local]" time="0.026" /><testcase classname="tests.test_template_install" name="test_template_install_from_folder[template_install_global]" time="0.025" /><testcase classname="tests.test_template_install" name="test_template_install_from_folder[template_install_local_from_remote]" time="0.307" /><testcase classname="tests.test_template_install" name="test_template_install_from_folder[template_install_global_from_remote]" time="0.333" /><testcase classname="tests.test_template_install" name="test_template_install_from_folder[template_install_local_not_existing_from_remote]" time="0.271" /><testcase classname="tests.test_template_install" name="test_template_install_from_folder[template_install_global_not_existing_from_remote]" time="0.084" /><testcase classname="tests.test_template_install" name="test_template_install_from_folder[template_install_from_folder_no_yaml]" time="0.013" /><testcase classname="tests.test_template_install" name="test_template_install_from_folder[template_install_from_folder_empty_yaml]" time="0.013" /><testcase classname="tests.test_template_install" name="test_template_install_from_folder[template_install_from_folder_empty_yaml_chmod_yes]" time="0.021" /><testcase classname="tests.test_template_install" name="test_template_install_from_folder[template_install_from_folder_empty_yaml_chmod_no]" time="0.021" /><testcase classname="tests.test_template_install" name="test_template_install_force_overwrite" time="0.025" /><testcase classname="tests.test_validate" name="test_validate_template[local_and_global_params]" time="0.020" /><testcase classname="tests.test_validate" name="test_validate_template[file_with_local_param]" time="0.020" /><testcase classname="tests.test_validate" name="test_validate_template[file_with_global_param]" time="0.019" /><testcase classname="tests.test_validate" name="test_validate_template[file_with_template_id_param]" time="0.019" /><testcase classname="tests.test_validate" name="test_validate_template[file_not_present]" time="0.019" /><testcase classname="tests.test_validate" name="test_validate_template[no_templates_found]" time="0.019" /><testcase classname="tests.test_validate" name="test_validate_template[no_template_if_found]" time="0.019" /><testcase classname="tests.test_validate" name="test_validate_template[local_template_id]" time="0.039" /><testcase classname="tests.test_validate" name="test_validate_template[local_template_id_w_local]" time="0.039" /><testcase classname="tests.test_validate" name="test_validate_template[local_template_id_w_global_not_found]" time="0.026" /><testcase classname="tests.test_validate" name="test_validate_template[global_template_id]" time="0.039" /><testcase classname="tests.test_validate" name="test_validate_template[global_template_id_w_local_not_found]" time="0.027" /><testcase classname="tests.test_validate" name="test_validate_template[local_template_wrong]" time="0.033" /><testcase classname="tests.test_validate" name="test_validate_template[local_template_not_found_command]" time="0.054" /><testcase classname="tests.test_validate" name="test_validate_template[local_template_not_found_python]" time="0.054" /></testsuite></testsuites>